<?xml version="1.0" encoding="UTF-8"?>
<!-- Generated by org.testng.reporters.JUnitReportReporter -->
<testsuite hostname="GEORGE" name="com.gSTAX.Setup.CreateXML" tests="1" failures="0" timestamp="1 Dec 2020 16:22:59 GMT" time="624.909" errors="0">
  <testcase name="runTestNGTest" time="624.909" classname="com.gSTAX.Setup.CreateXML"/>
</testsuite> <!-- com.gSTAX.Setup.CreateXML -->
