<?xml version="1.0" encoding="UTF-8"?>
<!-- Generated by org.testng.reporters.JUnitReportReporter -->
<testsuite hostname="GEORGE" name="com.gSTAX.Tests.Website" tests="1" failures="0" timestamp="30 Nov 2020 10:10:22 GMT" time="5.120" errors="0">
  <testcase name="WebsiteTest" time="5.120" classname="com.gSTAX.Tests.Website"/>
</testsuite> <!-- com.gSTAX.Tests.Website -->
