<?xml version="1.0" encoding="UTF-8"?>
<!-- Generated by org.testng.reporters.JUnitReportReporter -->
<testsuite hostname="GEORGE" name="com.gSTAX.Setup.CreateXML" tests="1" failures="0" timestamp="4 Nov 2020 19:37:05 GMT" time="50.955" errors="0">
  <testcase name="runTestNGTest" time="50.955" classname="com.gSTAX.Setup.CreateXML"/>
</testsuite> <!-- com.gSTAX.Setup.CreateXML -->
