<?xml version="1.0" encoding="UTF-8"?>
<!-- Generated by org.testng.reporters.JUnitReportReporter -->
<testsuite hostname="GEORGE" name="com.gSTAX.Tests.Tricentis" tests="11" failures="0" timestamp="1 Dec 2020 16:22:59 GMT" time="652.491" errors="0">
  <testcase name="WebsiteTest" time="56.012" classname="com.gSTAX.Tests.Tricentis"/>
  <testcase name="WebsiteTest" time="47.851" classname="com.gSTAX.Tests.Tricentis"/>
  <testcase name="WebsiteTest" time="64.115" classname="com.gSTAX.Tests.Tricentis"/>
  <testcase name="WebsiteTest" time="66.292" classname="com.gSTAX.Tests.Tricentis"/>
  <testcase name="WebsiteTest" time="54.708" classname="com.gSTAX.Tests.Tricentis"/>
  <testcase name="WebsiteTest" time="60.801" classname="com.gSTAX.Tests.Tricentis"/>
  <testcase name="WebsiteTest" time="53.835" classname="com.gSTAX.Tests.Tricentis"/>
  <testcase name="WebsiteTest" time="60.981" classname="com.gSTAX.Tests.Tricentis"/>
  <testcase name="WebsiteTest" time="61.267" classname="com.gSTAX.Tests.Tricentis"/>
  <testcase name="WebsiteTest" time="70.950" classname="com.gSTAX.Tests.Tricentis"/>
  <testcase name="WebsiteTest" time="55.679" classname="com.gSTAX.Tests.Tricentis"/>
</testsuite> <!-- com.gSTAX.Tests.Tricentis -->
