<?xml version="1.0" encoding="UTF-8"?>
<!-- Generated by org.testng.reporters.JUnitReportReporter -->
<testsuite hostname="GEORGE" name="com.gSTAX.Setup.CreateXML" tests="1" failures="0" timestamp="4 Nov 2020 20:10:47 GMT" time="54.109" errors="0">
  <testcase name="runTestNGTest" time="54.109" classname="com.gSTAX.Setup.CreateXML"/>
</testsuite> <!-- com.gSTAX.Setup.CreateXML -->
