<?xml version="1.0" encoding="UTF-8"?>
<!-- Generated by org.testng.reporters.JUnitReportReporter -->
<testsuite hostname="DESKTOP-NNICN6Q" failures="0" tests="1" name="com.gSTAX.Setup.CreateXML" time="29.159" errors="0" timestamp="2021-10-27T18:25:18 IST" skipped="0">
  <testcase classname="com.gSTAX.Setup.CreateXML" name="runTestNGTest" time="29.159"/>
  <system-out/>
</testsuite> <!-- com.gSTAX.Setup.CreateXML -->
