<?xml version="1.0" encoding="UTF-8"?>
<!-- Generated by org.testng.reporters.JUnitReportReporter -->
<testsuite hostname="GEORGE" name="com.gSTAX.Tests.Website" tests="3" failures="0" timestamp="31 Oct 2020 20:25:08 GMT" time="11.992" errors="0">
  <testcase name="AmazonTest" time="2.140" classname="com.gSTAX.Tests.Website"/>
  <testcase name="AmazonTest" time="0.735" classname="com.gSTAX.Tests.Website"/>
  <testcase name="AmazonTest" time="9.117" classname="com.gSTAX.Tests.Website"/>
</testsuite> <!-- com.gSTAX.Tests.Website -->
