<?xml version="1.0" encoding="UTF-8"?>
<!-- Generated by org.testng.reporters.JUnitReportReporter -->
<testsuite hostname="GEORGE" name="com.gSTAX.Tests.Tricentis2" tests="9" failures="0" timestamp="1 Dec 2020 16:22:59 GMT" time="862.901" errors="0">
  <testcase name="WebsiteTest" time="99.262" classname="com.gSTAX.Tests.Tricentis2"/>
  <testcase name="WebsiteTest" time="91.258" classname="com.gSTAX.Tests.Tricentis2"/>
  <testcase name="WebsiteTest" time="97.871" classname="com.gSTAX.Tests.Tricentis2"/>
  <testcase name="WebsiteTest" time="104.188" classname="com.gSTAX.Tests.Tricentis2"/>
  <testcase name="WebsiteTest" time="102.216" classname="com.gSTAX.Tests.Tricentis2"/>
  <testcase name="WebsiteTest" time="109.939" classname="com.gSTAX.Tests.Tricentis2"/>
  <testcase name="WebsiteTest" time="90.985" classname="com.gSTAX.Tests.Tricentis2"/>
  <testcase name="WebsiteTest" time="68.900" classname="com.gSTAX.Tests.Tricentis2"/>
  <testcase name="WebsiteTest" time="98.282" classname="com.gSTAX.Tests.Tricentis2"/>
</testsuite> <!-- com.gSTAX.Tests.Tricentis2 -->
