<?xml version="1.0" encoding="UTF-8"?>
<!-- Generated by org.testng.reporters.JUnitReportReporter -->
<testsuite hostname="GEORGE" name="com.gSTAX.Tests.Amazon" tests="1" failures="0" timestamp="31 Oct 2020 19:03:34 GMT" time="1.336" errors="0">
  <testcase name="AmazonTest" time="1.336" classname="com.gSTAX.Tests.Amazon"/>
</testsuite> <!-- com.gSTAX.Tests.Amazon -->
