<?xml version="1.0" encoding="UTF-8"?>
<!-- Generated by org.testng.reporters.JUnitReportReporter -->
<testsuite hostname="GEORGE" name="com.gSTAX.Setup.CreateXML" tests="1" failures="0" timestamp="31 Oct 2020 20:25:08 GMT" time="64.138" errors="0">
  <testcase name="runTestNGTest" time="64.138" classname="com.gSTAX.Setup.CreateXML"/>
</testsuite> <!-- com.gSTAX.Setup.CreateXML -->
