<?xml version="1.0" encoding="UTF-8"?>
<!-- Generated by org.testng.reporters.JUnitReportReporter -->
<testsuite hostname="GEORGE" name="com.gSTAX.Tests.Amazon" tests="2" failures="0" timestamp="31 Oct 2020 10:20:12 GMT" time="69.202" errors="0">
  <testcase name="extentReportsDemo" time="0.001" classname="com.gSTAX.Tests.Amazon"/>
  <testcase name="AmazonTest" time="69.201" classname="com.gSTAX.Tests.Amazon"/>
</testsuite> <!-- com.gSTAX.Tests.Amazon -->
